[ccc0215.campuscluster.illinois.edu:mpi_rank_0][MPID_Init] [Performance Suggestion]: Application has requested for multi-thread capability. If allocating memory from different pthreads/OpenMP threads, please consider setting MV2_USE_ALIGNED_ALLOC=1 for improved performance.
Use MV2_USE_THREAD_WARNING=0 to suppress this error message.
assembling intralayer database
../../tBLG_DFT/grapheneCalc_96/log
../../tBLG_DFT/grapheneCalc_2/log
../../tBLG_DFT/grapheneCalc_strain_24/log
../../tBLG_DFT/grapheneCalc_strain_50/log
../../tBLG_DFT/grapheneCalc_strain_18/log
../../tBLG_DFT/grapheneCalc_strain_51/log
DFT failed
../../tBLG_DFT/grapheneCalc_88/log
../../tBLG_DFT/grapheneCalc_strain_44/log
../../tBLG_DFT/grapheneCalc_strain_34/log
../../tBLG_DFT/grapheneCalc_17/log
../../tBLG_DFT/grapheneCalc_39/log
../../tBLG_DFT/grapheneCalc_38/log
../../tBLG_DFT/grapheneCalc_strain_6/log
../../tBLG_DFT/grapheneCalc_70/log
../../tBLG_DFT/grapheneCalc_strain_32/log
../../tBLG_DFT/grapheneCalc_40/log
../../tBLG_DFT/grapheneCalc_47/log
../../tBLG_DFT/grapheneCalc_10/log
../../tBLG_DFT/grapheneCalc_57/log
../../tBLG_DFT/grapheneCalc_27/log
../../tBLG_DFT/grapheneCalc_73/log
../../tBLG_DFT/grapheneCalc_63/log
../../tBLG_DFT/grapheneCalc_strain_31/log
../../tBLG_DFT/grapheneCalc_strain_49/log
../../tBLG_DFT/grapheneCalc_strain_39/log
../../tBLG_DFT/grapheneCalc_21/log
../../tBLG_DFT/grapheneCalc_79/log
../../tBLG_DFT/grapheneCalc_strain_11/log
../../tBLG_DFT/grapheneCalc_strain_20/log
../../tBLG_DFT/grapheneCalc_strain_17/log
../../tBLG_DFT/grapheneCalc_62/log
../../tBLG_DFT/grapheneCalc_81/log
../../tBLG_DFT/grapheneCalc_100/log
../../tBLG_DFT/grapheneCalc_4/log
../../tBLG_DFT/grapheneCalc_41/log
../../tBLG_DFT/grapheneCalc_97/log
../../tBLG_DFT/grapheneCalc_strain_27/log
../../tBLG_DFT/grapheneCalc_strain_0/log
DFT failed
../../tBLG_DFT/grapheneCalc_49/log
../../tBLG_DFT/grapheneCalc_60/log
../../tBLG_DFT/grapheneCalc_strain_33/log
../../tBLG_DFT/grapheneCalc_66/log
../../tBLG_DFT/grapheneCalc_51/log
../../tBLG_DFT/grapheneCalc_77/log
../../tBLG_DFT/grapheneCalc_strain_19/log
../../tBLG_DFT/grapheneCalc_strain_4/log
DFT failed
../../tBLG_DFT/grapheneCalc_61/log
../../tBLG_DFT/grapheneCalc_71/log
../../tBLG_DFT/grapheneCalc_46/log
../../tBLG_DFT/grapheneCalc_105/log
../../tBLG_DFT/grapheneCalc_strain_38/log
../../tBLG_DFT/grapheneCalc_5/log
../../tBLG_DFT/grapheneCalc_strain_21/log
../../tBLG_DFT/grapheneCalc_31/log
../../tBLG_DFT/grapheneCalc_strain_8/log
DFT failed
../../tBLG_DFT/grapheneCalc_strain_5/log
../../tBLG_DFT/grapheneCalc_103/log
../../tBLG_DFT/grapheneCalc_55/log
../../tBLG_DFT/grapheneCalc_strain_43/log
../../tBLG_DFT/grapheneCalc_26/log
../../tBLG_DFT/grapheneCalc_strain_3/log
../../tBLG_DFT/grapheneCalc_25/log
../../tBLG_DFT/grapheneCalc_91/log
../../tBLG_DFT/grapheneCalc_22/log
../../tBLG_DFT/grapheneCalc_15/log
../../tBLG_DFT/grapheneCalc_95/log
../../tBLG_DFT/grapheneCalc_94/log
../../tBLG_DFT/grapheneCalc_strain_7/log
../../tBLG_DFT/grapheneCalc_90/log
../../tBLG_DFT/grapheneCalc_strain_36/log
../../tBLG_DFT/grapheneCalc_42/log
../../tBLG_DFT/grapheneCalc_8/log
../../tBLG_DFT/grapheneCalc_strain_1/log
../../tBLG_DFT/grapheneCalc_strain_28/log
../../tBLG_DFT/grapheneCalc_99/log
../../tBLG_DFT/grapheneCalc_34/log
../../tBLG_DFT/grapheneCalc_strain_37/log
../../tBLG_DFT/grapheneCalc_strain_9/log
DFT failed
../../tBLG_DFT/grapheneCalc_strain_40/log
../../tBLG_DFT/grapheneCalc_78/log
../../tBLG_DFT/grapheneCalc_strain_14/log
../../tBLG_DFT/grapheneCalc_strain_42/log
../../tBLG_DFT/grapheneCalc_29/log
../../tBLG_DFT/grapheneCalc_23/log
../../tBLG_DFT/grapheneCalc_strain_41/log
../../tBLG_DFT/grapheneCalc_strain_53/log
../../tBLG_DFT/grapheneCalc_83/log
../../tBLG_DFT/grapheneCalc_18/log
../../tBLG_DFT/grapheneCalc_93/log
../../tBLG_DFT/grapheneCalc_59/log
../../tBLG_DFT/grapheneCalc_strain_52/log
../../tBLG_DFT/grapheneCalc_28/log
../../tBLG_DFT/grapheneCalc_7/log
../../tBLG_DFT/grapheneCalc_19/log
../../tBLG_DFT/grapheneCalc_11/log
../../tBLG_DFT/grapheneCalc_strain_29/log
../../tBLG_DFT/grapheneCalc_16/log
../../tBLG_DFT/grapheneCalc_33/log
../../tBLG_DFT/grapheneCalc_strain_23/log
../../tBLG_DFT/grapheneCalc_24/log
../../tBLG_DFT/grapheneCalc_67/log
../../tBLG_DFT/grapheneCalc_35/log
../../tBLG_DFT/grapheneCalc_3/log
../../tBLG_DFT/grapheneCalc_92/log
../../tBLG_DFT/grapheneCalc_86/log
../../tBLG_DFT/grapheneCalc_strain_10/log
../../tBLG_DFT/grapheneCalc_101/log
../../tBLG_DFT/grapheneCalc_102/log
../../tBLG_DFT/grapheneCalc_56/log
../../tBLG_DFT/grapheneCalc_strain_46/log
../../tBLG_DFT/grapheneCalc_76/log
../../tBLG_DFT/grapheneCalc_strain_16/log
../../tBLG_DFT/grapheneCalc_45/log
../../tBLG_DFT/grapheneCalc_44/log
../../tBLG_DFT/grapheneCalc_strain_26/log
../../tBLG_DFT/grapheneCalc_98/log
../../tBLG_DFT/grapheneCalc_strain_13/log
../../tBLG_DFT/grapheneCalc_84/log
../../tBLG_DFT/grapheneCalc_strain_48/log
../../tBLG_DFT/grapheneCalc_36/log
../../tBLG_DFT/grapheneCalc_30/log
../../tBLG_DFT/grapheneCalc_54/log
../../tBLG_DFT/grapheneCalc_72/log
../../tBLG_DFT/grapheneCalc_69/log
../../tBLG_DFT/grapheneCalc_strain_2/log
../../tBLG_DFT/grapheneCalc_48/log
../../tBLG_DFT/grapheneCalc_20/log
../../tBLG_DFT/grapheneCalc_82/log
../../tBLG_DFT/grapheneCalc_strain_12/log
../../tBLG_DFT/grapheneCalc_80/log
../../tBLG_DFT/grapheneCalc_53/log
../../tBLG_DFT/grapheneCalc_52/log
../../tBLG_DFT/grapheneCalc_1/log
../../tBLG_DFT/grapheneCalc_strain_47/log
../../tBLG_DFT/grapheneCalc_75/log
../../tBLG_DFT/grapheneCalc_strain_15/log
../../tBLG_DFT/grapheneCalc_89/log
../../tBLG_DFT/grapheneCalc_32/log
../../tBLG_DFT/grapheneCalc_104/log
../../tBLG_DFT/grapheneCalc_50/log
../../tBLG_DFT/grapheneCalc_strain_30/log
../../tBLG_DFT/grapheneCalc_64/log
../../tBLG_DFT/grapheneCalc_85/log
../../tBLG_DFT/grapheneCalc_87/log
../../tBLG_DFT/grapheneCalc_strain_54/log
DFT failed
../../tBLG_DFT/grapheneCalc_0/log
../../tBLG_DFT/grapheneCalc_65/log
../../tBLG_DFT/grapheneCalc_13/log
../../tBLG_DFT/grapheneCalc_14/log
../../tBLG_DFT/grapheneCalc_strain_25/log
../../tBLG_DFT/grapheneCalc_37/log
../../tBLG_DFT/grapheneCalc_strain_35/log
../../tBLG_DFT/grapheneCalc_58/log
../../tBLG_DFT/grapheneCalc_strain_22/log
../../tBLG_DFT/grapheneCalc_12/log
../../tBLG_DFT/grapheneCalc_strain_45/log
../../tBLG_DFT/grapheneCalc_74/log
../../tBLG_DFT/grapheneCalc_9/log
../../tBLG_DFT/grapheneCalc_43/log
../../tBLG_DFT/grapheneCalc_68/log
1  energy (eV/atom) above gs =  0.07596988095258439
Traceback (most recent call last):
  File "/scratch/users/dpalmer3/TEGT_MD/TEGT/fit_potentials.py", line 315, in <module>
    db.write(a,data={"total_energy":total_energy/len(a),'tb_forces':tb_forces,'tb_energy':tb_energy/len(a)})
NameError: name 'db' is not defined
